<?xml version="1.0" encoding="UTF-8"?>
<!-- Generated by org.testng.reporters.JUnitXMLReporter -->
<testsuite hostname="Monica" ignored="0" name="Default test" tests="3" failures="0" timestamp="2020-05-26T13:05:35 PDT" time="22.82" errors="0">
  <testcase name="verifyHomePageHeaderTest" time="6.449" classname="com.qa.hubspot.test.HomePageTest"/>
  <testcase name="verifyGetLoggedInUserTest" time="0.064" classname="com.qa.hubspot.test.HomePageTest"/>
  <testcase name="verifyHomePageTitle" time="0.0" classname="com.qa.hubspot.test.HomePageTest"/>
</testsuite> <!-- Default test -->
