<?xml version="1.0" encoding="UTF-8"?>
<!-- Generated by org.testng.reporters.JUnitXMLReporter -->
<testsuite hostname="Monica" ignored="1" name="Default test" tests="4" failures="0" timestamp="2020-06-01T15:22:04 PDT" time="84.568" errors="0">
  <testcase name="verifyContactTest" time="15.511" classname="com.qa.hubspot.test.ContactsPageTest"/>
  <testcase name="verifyContactTest" time="14.904" classname="com.qa.hubspot.test.ContactsPageTest"/>
  <testcase name="verifyContactTest" time="14.757" classname="com.qa.hubspot.test.ContactsPageTest"/>
  <testcase name="verifyContactTest" time="14.845" classname="com.qa.hubspot.test.ContactsPageTest"/>
  <testcase name="verifyContactsPageTitleTest" time="0.0" classname="com.qa.hubspot.test.ContactsPageTest">
    <ignored/>
  </testcase> <!-- verifyContactsPageTitleTest -->
</testsuite> <!-- Default test -->
