<?xml version="1.0" encoding="UTF-8"?>
<!-- Generated by org.testng.reporters.JUnitXMLReporter -->
<testsuite hostname="Monica" ignored="0" name="HomePage test" tests="6" failures="0" timestamp="2020-05-26T15:23:24 PDT" time="24.046" errors="0">
  <testcase name="verifySignUpLinkTest" time="6.011" classname="com.qa.hubspot.test.LoginPageTest"/>
  <testcase name="verifyLoginPageTitle" time="0.105" classname="com.qa.hubspot.test.LoginPageTest"/>
  <testcase name="verifydoLoginTest" time="2.55" classname="com.qa.hubspot.test.LoginPageTest"/>
  <testcase name="verifyHomePageHeaderTest" time="4.047" classname="com.qa.hubspot.test.HomePageTest"/>
  <testcase name="verifyGetLoggedInUserTest" time="0.055" classname="com.qa.hubspot.test.HomePageTest"/>
  <testcase name="verifyHomePageTitle" time="0.009" classname="com.qa.hubspot.test.HomePageTest"/>
</testsuite> <!-- HomePage test -->
