<?xml version="1.0" encoding="UTF-8"?>
<!-- Generated by org.testng.reporters.JUnitXMLReporter -->
<testsuite hostname="Monica" ignored="0" name="LoginPage test" tests="3" failures="0" timestamp="2020-05-26T15:23:18 PDT" time="18.551" errors="0">
  <testcase name="verifySignUpLinkTest" time="6.011" classname="com.qa.hubspot.test.LoginPageTest"/>
  <testcase name="verifyLoginPageTitle" time="0.105" classname="com.qa.hubspot.test.LoginPageTest"/>
  <testcase name="verifydoLoginTest" time="2.55" classname="com.qa.hubspot.test.LoginPageTest"/>
</testsuite> <!-- LoginPage test -->
