<?xml version="1.0" encoding="UTF-8"?>
<testng-results skipped="0" failed="1" ignored="0" total="3" passed="2">
  <reporter-output>
  </reporter-output>
  <suite name="HubSpot App Test automation Regression suite" duration-ms="33220" started-at="2020-06-06T14:37:26 PDT" finished-at="2020-06-06T14:37:59 PDT">
    <groups>
    </groups>
    <test name="LoginPage test" duration-ms="33220" started-at="2020-06-06T14:37:26 PDT" finished-at="2020-06-06T14:37:59 PDT">
      <class name="com.qa.hubspot.test.LoginPageTest">
        <test-method status="PASS" signature="setup()[pri:0, instance:com.qa.hubspot.test.LoginPageTest@4a8b5227]" name="setup" is-config="true" duration-ms="8081" started-at="2020-06-06T14:37:26 PDT" finished-at="2020-06-06T14:37:34 PDT">
          <reporter-output>
          </reporter-output>
        </test-method> <!-- setup -->
        <test-method status="PASS" signature="verifySignUpLinkTest()[pri:1, instance:com.qa.hubspot.test.LoginPageTest@4a8b5227]" name="verifySignUpLinkTest" duration-ms="10107" started-at="2020-06-06T14:37:34 PDT" finished-at="2020-06-06T14:37:44 PDT">
          <reporter-output>
          </reporter-output>
        </test-method> <!-- verifySignUpLinkTest -->
        <test-method status="FAIL" signature="verifyLoginPageTitle()[pri:2, instance:com.qa.hubspot.test.LoginPageTest@4a8b5227]" name="verifyLoginPageTitle" duration-ms="10169" started-at="2020-06-06T14:37:44 PDT" finished-at="2020-06-06T14:37:55 PDT">
          <exception class="org.openqa.selenium.TimeoutException">
            <message>
              <![CDATA[Expected condition failed: waiting for title to contain "HubSpot Login12". Current title: "HubSpot Login" (tried for 10 second(s) with 500 milliseconds interval)
Build info: version: '3.141.59', revision: 'e82be7d358', time: '2018-11-14T08:17:03'
System info: host: 'MONICA', ip: '192.168.56.1', os.name: 'Windows 10', os.arch: 'amd64', os.version: '10.0', java.version: '1.8.0_241'
Driver info: org.openqa.selenium.chrome.ChromeDriver
Capabilities {acceptInsecureCerts: false, browserName: chrome, browserVersion: 83.0.4103.97, chrome: {chromedriverVersion: 83.0.4103.39 (ccbf011cb2d2b..., userDataDir: C:\Users\KISHOR~1\AppData\L...}, goog:chromeOptions: {debuggerAddress: localhost:60018}, javascriptEnabled: true, networkConnectionEnabled: false, pageLoadStrategy: normal, platform: WINDOWS, platformName: WINDOWS, proxy: Proxy(), setWindowRect: true, strictFileInteractability: false, timeouts: {implicit: 0, pageLoad: 300000, script: 30000}, unhandledPromptBehavior: dismiss and notify, webauthn:virtualAuthenticators: true}
Session ID: 76cd6ee58a1c14071449f7da24be6804]]>
            </message>
            <full-stacktrace>
              <![CDATA[org.openqa.selenium.TimeoutException: Expected condition failed: waiting for title to contain "HubSpot Login12". Current title: "HubSpot Login" (tried for 10 second(s) with 500 milliseconds interval)
Build info: version: '3.141.59', revision: 'e82be7d358', time: '2018-11-14T08:17:03'
System info: host: 'MONICA', ip: '192.168.56.1', os.name: 'Windows 10', os.arch: 'amd64', os.version: '10.0', java.version: '1.8.0_241'
Driver info: org.openqa.selenium.chrome.ChromeDriver
Capabilities {acceptInsecureCerts: false, browserName: chrome, browserVersion: 83.0.4103.97, chrome: {chromedriverVersion: 83.0.4103.39 (ccbf011cb2d2b..., userDataDir: C:\Users\KISHOR~1\AppData\L...}, goog:chromeOptions: {debuggerAddress: localhost:60018}, javascriptEnabled: true, networkConnectionEnabled: false, pageLoadStrategy: normal, platform: WINDOWS, platformName: WINDOWS, proxy: Proxy(), setWindowRect: true, strictFileInteractability: false, timeouts: {implicit: 0, pageLoad: 300000, script: 30000}, unhandledPromptBehavior: dismiss and notify, webauthn:virtualAuthenticators: true}
Session ID: 76cd6ee58a1c14071449f7da24be6804
at org.openqa.selenium.support.ui.WebDriverWait.timeoutException(WebDriverWait.java:95)
at org.openqa.selenium.support.ui.FluentWait.until(FluentWait.java:272)
at com.qa.hubspot.utils.ElementUtil.waitForTitleToBePresent(ElementUtil.java:244)
at com.qa.hubspot.pages.LoginPage.getLoginPageTitle(LoginPage.java:34)
at com.qa.hubspot.test.LoginPageTest.verifyLoginPageTitle(LoginPageTest.java:22)
at sun.reflect.NativeMethodAccessorImpl.invoke0(Native Method)
at sun.reflect.NativeMethodAccessorImpl.invoke(NativeMethodAccessorImpl.java:62)
at sun.reflect.DelegatingMethodAccessorImpl.invoke(DelegatingMethodAccessorImpl.java:43)
at java.lang.reflect.Method.invoke(Method.java:498)
at org.testng.internal.MethodInvocationHelper.invokeMethod(MethodInvocationHelper.java:133)
at org.testng.internal.TestInvoker.invokeMethod(TestInvoker.java:584)
at org.testng.internal.TestInvoker.invokeTestMethod(TestInvoker.java:172)
at org.testng.internal.MethodRunner.runInSequence(MethodRunner.java:46)
at org.testng.internal.TestInvoker$MethodInvocationAgent.invoke(TestInvoker.java:804)
at org.testng.internal.TestInvoker.invokeTestMethods(TestInvoker.java:145)
at org.testng.internal.TestMethodWorker.invokeTestMethods(TestMethodWorker.java:146)
at org.testng.internal.TestMethodWorker.run(TestMethodWorker.java:128)
at java.util.ArrayList.forEach(ArrayList.java:1257)
at org.testng.TestRunner.privateRun(TestRunner.java:770)
at org.testng.TestRunner.run(TestRunner.java:591)
at org.testng.SuiteRunner.runTest(SuiteRunner.java:402)
at org.testng.SuiteRunner.access$000(SuiteRunner.java:41)
at org.testng.SuiteRunner$SuiteWorker.run(SuiteRunner.java:443)
at org.testng.internal.thread.ThreadUtil.lambda$execute$0(ThreadUtil.java:67)
at java.util.concurrent.FutureTask.run(FutureTask.java:266)
at java.util.concurrent.ThreadPoolExecutor.runWorker(ThreadPoolExecutor.java:1149)
at java.util.concurrent.ThreadPoolExecutor$Worker.run(ThreadPoolExecutor.java:624)
at java.lang.Thread.run(Thread.java:748)
]]>
            </full-stacktrace>
          </exception> <!-- org.openqa.selenium.TimeoutException -->
          <reporter-output>
          </reporter-output>
        </test-method> <!-- verifyLoginPageTitle -->
        <test-method status="PASS" signature="verifydoLoginTest()[pri:3, instance:com.qa.hubspot.test.LoginPageTest@4a8b5227]" name="verifydoLoginTest" duration-ms="3403" started-at="2020-06-06T14:37:55 PDT" finished-at="2020-06-06T14:37:58 PDT">
          <reporter-output>
          </reporter-output>
        </test-method> <!-- verifydoLoginTest -->
        <test-method status="PASS" signature="tearDown()[pri:0, instance:com.qa.hubspot.test.LoginPageTest@4a8b5227]" name="tearDown" is-config="true" duration-ms="746" started-at="2020-06-06T14:37:58 PDT" finished-at="2020-06-06T14:37:59 PDT">
          <reporter-output>
          </reporter-output>
        </test-method> <!-- tearDown -->
      </class> <!-- com.qa.hubspot.test.LoginPageTest -->
    </test> <!-- LoginPage test -->
  </suite> <!-- HubSpot App Test automation Regression suite -->
</testng-results>
